::1 - - [21/Apr/2019:16:44:27 -0400] "GET /phpmyadmin HTTP/1.1" 301 241
::1 - - [21/Apr/2019:16:44:27 -0400] "GET /phpmyadmin/ HTTP/1.1" 200 8091
::1 - - [21/Apr/2019:16:44:27 -0400] "GET /phpmyadmin/themes/pmahomme/img/logo_right.png HTTP/1.1" 200 4548
::1 - - [21/Apr/2019:16:44:27 -0400] "GET /phpmyadmin/js/get_scripts.js.php?scripts[]=jquery/jquery-1.8.3.js&scripts[]=ajax.js&scripts[]=keyhandler.js&scripts[]=jquery/jquery-ui-1.9.2.custom.js&scripts[]=jquery/jquery.sprintf.js&scripts[]=jquery/jquery.cookie.js&scripts[]=jquery/jquery.mousewheel.js&scripts[]=jquery/jquery.event.drag-2.2.js&scripts[]=jquery/jquery-ui-timepicker-addon.js&scripts[]=jquery/jquery.ba-hashchange-1.3.js&scripts[]=jquery/jquery.debounce-1.0.5.js&scripts[]=jquery/jquery.menuResizer-1.0.js&scripts[]=rte.js&scripts[]=functions.js&scripts[]=navigation.js&scripts[]=indexes.js&scripts[]=common.js&scripts[]=codemirror/lib/codemirror.js&scripts[]=codemirror/mode/mysql/mysql.js HTTP/1.1" 200 578562
::1 - - [21/Apr/2019:16:44:27 -0400] "GET /phpmyadmin/themes/dot.gif HTTP/1.1" 200 43
::1 - - [21/Apr/2019:16:44:27 -0400] "GET /phpmyadmin/phpmyadmin.css.php?server=1&token=e75ff38c7ed0da408ede70a3dc6f4135&nocache=4125195912ltr HTTP/1.1" 200 88608
::1 - - [21/Apr/2019:16:44:27 -0400] "GET /phpmyadmin/js/messages.php?lang=en&db=&server=0&token=e75ff38c7ed0da408ede70a3dc6f4135 HTTP/1.1" 200 16674
::1 - - [21/Apr/2019:16:44:27 -0400] "GET /phpmyadmin/js/get_image.js.php?theme=pmahomme HTTP/1.1" 200 6263
::1 - - [21/Apr/2019:16:44:28 -0400] "GET /phpmyadmin/themes/pmahomme/img/sprites.png HTTP/1.1" 200 61899
::1 - - [21/Apr/2019:16:44:36 -0400] "POST /phpmyadmin/index.php HTTP/1.1" 302 -
::1 - - [21/Apr/2019:16:44:36 -0400] "GET /phpmyadmin/index.php?token=e75ff38c7ed0da408ede70a3dc6f4135 HTTP/1.1" 200 42535
::1 - - [21/Apr/2019:16:44:37 -0400] "GET /phpmyadmin/themes/pmahomme/img/logo_left.png HTTP/1.1" 200 2327
::1 - - [21/Apr/2019:16:44:37 -0400] "GET /phpmyadmin/themes/pmahomme/img/ajax_clock_small.gif HTTP/1.1" 200 1810
::1 - - [21/Apr/2019:16:44:37 -0400] "GET /phpmyadmin/phpmyadmin.css.php?server=1&token=e75ff38c7ed0da408ede70a3dc6f4135&nocache=5681061266ltr HTTP/1.1" 200 88608
::1 - - [21/Apr/2019:16:44:37 -0400] "GET /phpmyadmin/themes/pmahomme/img/left_nav_bg.png HTTP/1.1" 200 297
::1 - - [21/Apr/2019:16:44:37 -0400] "GET /phpmyadmin/version_check.php?&_nocache=1555879477376657218 HTTP/1.1" 200 39
::1 - - [21/Apr/2019:16:44:41 -0400] "GET /phpmyadmin/navigation.php?ajax_request=1&token=e75ff38c7ed0da408ede70a3dc6f4135&aPath=cm9vdA%3D%3D.dGVzdA%3D%3D&vPath=cm9vdA%3D%3D.dGVzdA%3D%3D&pos=0&pos2_name=&pos2_value=&searchClause=&searchClause2=&_nocache=1555879481135339734 HTTP/1.1" 200 97
::1 - - [21/Apr/2019:16:44:42 -0400] "GET /phpmyadmin/db_structure.php?server=1&db=test&token=e75ff38c7ed0da408ede70a3dc6f4135&ajax_request=true&ajax_page_request=true&menuHashes=0f134e19&_nocache=1555879482801856327 HTTP/1.1" 200 5466
::1 - - [21/Apr/2019:16:44:42 -0400] "GET /phpmyadmin/js/get_scripts.js.php?scripts[]=db_structure.js&scripts[]=tbl_change.js HTTP/1.1" 200 12382
::1 - - [21/Apr/2019:16:45:21 -0400] "POST /phpmyadmin/tbl_create.php HTTP/1.1" 200 133676
::1 - - [21/Apr/2019:16:45:21 -0400] "GET /phpmyadmin/index.php?ajax_request=1&recent_table=1&token=e75ff38c7ed0da408ede70a3dc6f4135 HTTP/1.1" 200 210
::1 - - [21/Apr/2019:16:46:44 -0400] "POST /phpmyadmin/tbl_create.php HTTP/1.1" 200 7353
::1 - - [21/Apr/2019:16:46:44 -0400] "POST /phpmyadmin/navigation.php?ajax_request=1&token=e75ff38c7ed0da408ede70a3dc6f4135 HTTP/1.1" 200 2044
::1 - - [21/Apr/2019:16:46:44 -0400] "GET /phpmyadmin/db_structure.php?token=e75ff38c7ed0da408ede70a3dc6f4135&server=1&db=test&table=employees&ajax_request=true&ajax_page_request=true&menuHashes=0f134e19-fcbc8126-1e8d96fb&_nocache=1555879604509363634 HTTP/1.1" 200 12540
::1 - - [21/Apr/2019:16:46:44 -0400] "GET /phpmyadmin/themes/pmahomme/img/arrow_ltr.png HTTP/1.1" 200 139
::1 - - [21/Apr/2019:16:46:44 -0400] "GET /phpmyadmin/index.php?ajax_request=1&recent_table=1&token=e75ff38c7ed0da408ede70a3dc6f4135 HTTP/1.1" 200 210
::1 - - [21/Apr/2019:16:46:49 -0400] "GET /phpmyadmin/sql.php?server=1&db=test&table=employees&pos=0&token=e75ff38c7ed0da408ede70a3dc6f4135&ajax_request=true&ajax_page_request=true&menuHashes=0f134e19-fcbc8126-1e8d96fb-18395c41&_nocache=1555879609005635952 HTTP/1.1" 200 10197
::1 - - [21/Apr/2019:16:46:49 -0400] "GET /phpmyadmin/js/get_scripts.js.php?scripts[]=tbl_structure.js&scripts[]=gis_data_editor.js HTTP/1.1" 200 15188
::1 - - [21/Apr/2019:16:46:49 -0400] "GET /phpmyadmin/index.php?ajax_request=1&recent_table=1&token=e75ff38c7ed0da408ede70a3dc6f4135 HTTP/1.1" 200 210
::1 - - [21/Apr/2019:16:47:03 -0400] "GET /phpmyadmin/tbl_change.php?db=test&table=employees&token=e75ff38c7ed0da408ede70a3dc6f4135&ajax_request=true&ajax_page_request=true&menuHashes=0f134e19-fcbc8126-1e8d96fb-18395c41-e0f1a436&_nocache=155587962354311215 HTTP/1.1" 200 30591
::1 - - [21/Apr/2019:16:47:03 -0400] "GET /phpmyadmin/index.php?ajax_request=1&recent_table=1&token=e75ff38c7ed0da408ede70a3dc6f4135 HTTP/1.1" 200 210
::1 - - [21/Apr/2019:16:47:59 -0400] "POST /phpmyadmin/tbl_replace.php HTTP/1.1" 200 11976
::1 - - [21/Apr/2019:16:47:59 -0400] "GET /phpmyadmin/js/get_scripts.js.php?scripts[]=makegrid.js&scripts[]=sql.js HTTP/1.1" 200 35099
::1 - - [21/Apr/2019:16:47:59 -0400] "GET /phpmyadmin/index.php?ajax_request=1&recent_table=1&token=e75ff38c7ed0da408ede70a3dc6f4135 HTTP/1.1" 200 210
::1 - - [21/Apr/2019:16:49:37 -0400] "GET /phpmyadmin/sql.php?db=test&table=employees&token=e75ff38c7ed0da408ede70a3dc6f4135&pos=0&ajax_request=true&ajax_page_request=true&menuHashes=0f134e19-fcbc8126-1e8d96fb-18395c41-e0f1a436-13ab14da-52afb03d&_nocache=1555879777591113925 HTTP/1.1" 200 16841
::1 - - [21/Apr/2019:16:49:37 -0400] "GET /phpmyadmin/themes/pmahomme/img/col_pointer.png HTTP/1.1" 200 113
::1 - - [21/Apr/2019:16:49:37 -0400] "GET /phpmyadmin/themes/pmahomme/img/col_drop.png HTTP/1.1" 200 132
::1 - - [21/Apr/2019:16:49:37 -0400] "GET /phpmyadmin/themes/pmahomme/img/s_fulltext.png HTTP/1.1" 200 193
::1 - - [21/Apr/2019:16:49:37 -0400] "GET /phpmyadmin/index.php?ajax_request=1&recent_table=1&token=e75ff38c7ed0da408ede70a3dc6f4135 HTTP/1.1" 200 210
::1 - - [21/Apr/2019:16:49:45 -0400] "GET /phpmyadmin/tbl_sql.php?db=test&table=employees&token=e75ff38c7ed0da408ede70a3dc6f4135&ajax_request=true&ajax_page_request=true&menuHashes=0f134e19-fcbc8126-1e8d96fb-18395c41-e0f1a436-13ab14da-52afb03d&_nocache=1555879785569429203 HTTP/1.1" 200 5223
::1 - - [21/Apr/2019:16:49:45 -0400] "GET /phpmyadmin/index.php?ajax_request=1&recent_table=1&token=e75ff38c7ed0da408ede70a3dc6f4135 HTTP/1.1" 200 210
::1 - - [21/Apr/2019:16:49:48 -0400] "GET /phpmyadmin/tbl_change.php?db=test&table=employees&token=e75ff38c7ed0da408ede70a3dc6f4135&ajax_request=true&ajax_page_request=true&menuHashes=0f134e19-fcbc8126-1e8d96fb-18395c41-e0f1a436-13ab14da-52afb03d&_nocache=1555879788592919869 HTTP/1.1" 200 27572
::1 - - [21/Apr/2019:16:49:48 -0400] "GET /phpmyadmin/index.php?ajax_request=1&recent_table=1&token=e75ff38c7ed0da408ede70a3dc6f4135 HTTP/1.1" 200 210
::1 - - [21/Apr/2019:16:49:50 -0400] "GET /phpmyadmin/sql.php?db=test&table=employees&token=e75ff38c7ed0da408ede70a3dc6f4135&pos=0&ajax_request=true&ajax_page_request=true&menuHashes=0f134e19-fcbc8126-1e8d96fb-18395c41-e0f1a436-13ab14da-52afb03d&_nocache=1555879790983629798 HTTP/1.1" 200 16841
::1 - - [21/Apr/2019:16:49:51 -0400] "GET /phpmyadmin/index.php?ajax_request=1&recent_table=1&token=e75ff38c7ed0da408ede70a3dc6f4135 HTTP/1.1" 200 210
::1 - - [21/Apr/2019:16:49:53 -0400] "GET /phpmyadmin/sql.php?server=1&db=test&table=employees&pos=0&token=e75ff38c7ed0da408ede70a3dc6f4135&ajax_request=true&ajax_page_request=true&menuHashes=0f134e19-fcbc8126-1e8d96fb-18395c41-e0f1a436-13ab14da-52afb03d&_nocache=1555879793077616342 HTTP/1.1" 200 16843
::1 - - [21/Apr/2019:16:49:53 -0400] "GET /phpmyadmin/index.php?ajax_request=1&recent_table=1&token=e75ff38c7ed0da408ede70a3dc6f4135 HTTP/1.1" 200 210
::1 - - [21/Apr/2019:16:49:55 -0400] "GET /phpmyadmin/sql.php?server=1&db=test&table=employees&pos=0&token=e75ff38c7ed0da408ede70a3dc6f4135&ajax_request=true&ajax_page_request=true&menuHashes=0f134e19-fcbc8126-1e8d96fb-18395c41-e0f1a436-13ab14da-52afb03d&_nocache=1555879795069365840 HTTP/1.1" 200 16843
::1 - - [21/Apr/2019:16:49:55 -0400] "GET /phpmyadmin/index.php?ajax_request=1&recent_table=1&token=e75ff38c7ed0da408ede70a3dc6f4135 HTTP/1.1" 200 210
::1 - - [21/Apr/2019:16:50:03 -0400] "GET /phpmyadmin/querywindow.php?token=e75ff38c7ed0da408ede70a3dc6f4135&server=1&db=test&table=employees&sql_query=SELECT%20*%20FROM%20%60employees%60&init=1 HTTP/1.1" 200 8287
::1 - - [21/Apr/2019:16:50:04 -0400] "GET /phpmyadmin/js/get_scripts.js.php?scripts[]=jquery/jquery-1.8.3.js&scripts[]=ajax.js&scripts[]=keyhandler.js&scripts[]=jquery/jquery-ui-1.9.2.custom.js&scripts[]=jquery/jquery.sprintf.js&scripts[]=jquery/jquery.cookie.js&scripts[]=jquery/jquery.mousewheel.js&scripts[]=jquery/jquery.event.drag-2.2.js&scripts[]=jquery/jquery-ui-timepicker-addon.js&scripts[]=jquery/jquery.ba-hashchange-1.3.js&scripts[]=jquery/jquery.debounce-1.0.5.js&scripts[]=jquery/jquery.menuResizer-1.0.js&scripts[]=rte.js&scripts[]=functions.js&scripts[]=navigation.js&scripts[]=indexes.js&scripts[]=common.js&scripts[]=querywindow.js&scripts[]=codemirror/lib/codemirror.js&scripts[]=codemirror/mode/mysql/mysql.js HTTP/1.1" 200 578973
::1 - - [21/Apr/2019:16:50:04 -0400] "GET /phpmyadmin/js/messages.php?lang=en&db=test&token=e75ff38c7ed0da408ede70a3dc6f4135 HTTP/1.1" 200 16674
::1 - - [21/Apr/2019:16:50:11 -0400] "GET /phpmyadmin/tbl_structure.php?db=test&table=employees&token=e75ff38c7ed0da408ede70a3dc6f4135&ajax_request=true&ajax_page_request=true&menuHashes=0f134e19-fcbc8126-1e8d96fb-18395c41-e0f1a436-13ab14da-52afb03d&_nocache=1555879811594162482 HTTP/1.1" 200 28881
::1 - - [21/Apr/2019:16:50:11 -0400] "GET /phpmyadmin/index.php?ajax_request=1&recent_table=1&token=e75ff38c7ed0da408ede70a3dc6f4135 HTTP/1.1" 200 210
::1 - - [21/Apr/2019:16:50:25 -0400] "GET /phpmyadmin/tbl_sql.php?db=test&table=employees&token=e75ff38c7ed0da408ede70a3dc6f4135&ajax_request=true&ajax_page_request=true&menuHashes=fcbc8126-1e8d96fb-18395c41-e0f1a436-13ab14da-52afb03d-a145bac6&_nocache=1555879825428292022 HTTP/1.1" 200 5223
::1 - - [21/Apr/2019:16:50:25 -0400] "GET /phpmyadmin/index.php?ajax_request=1&recent_table=1&token=e75ff38c7ed0da408ede70a3dc6f4135 HTTP/1.1" 200 210
::1 - - [21/Apr/2019:16:51:20 -0400] "POST /phpmyadmin/import.php HTTP/1.1" 200 4752
::1 - - [21/Apr/2019:16:51:39 -0400] "POST /phpmyadmin/import.php HTTP/1.1" 200 4752
::1 - - [21/Apr/2019:16:51:45 -0400] "GET /phpmyadmin/sql.php?server=1&db=test&table=employees&pos=0&token=e75ff38c7ed0da408ede70a3dc6f4135&ajax_request=true&ajax_page_request=true&menuHashes=fcbc8126-1e8d96fb-18395c41-e0f1a436-13ab14da-52afb03d-a145bac6&_nocache=155587990536654819 HTTP/1.1" 200 37711
::1 - - [21/Apr/2019:16:51:45 -0400] "GET /phpmyadmin/index.php?ajax_request=1&recent_table=1&token=e75ff38c7ed0da408ede70a3dc6f4135 HTTP/1.1" 200 210
::1 - - [21/Apr/2019:16:51:53 -0400] "GET /phpmyadmin/themes/pmahomme/jquery/images/ui-bg_flat_75_ffffff_40x100.png HTTP/1.1" 200 178
::1 - - [21/Apr/2019:16:51:53 -0400] "GET /phpmyadmin/themes/pmahomme/jquery/images/ui-icons_222222_256x240.png HTTP/1.1" 200 4369
::1 - - [21/Apr/2019:16:51:53 -0400] "GET /phpmyadmin/themes/pmahomme/jquery/images/ui-bg_highlight-soft_75_cccccc_1x100.png HTTP/1.1" 200 101
::1 - - [21/Apr/2019:16:51:53 -0400] "GET /phpmyadmin/themes/pmahomme/jquery/images/ui-bg_glass_75_e6e6e6_1x400.png HTTP/1.1" 200 110
::1 - - [21/Apr/2019:16:51:53 -0400] "GET /phpmyadmin/themes/pmahomme/jquery/images/ui-bg_flat_0_aaaaaa_40x100.png HTTP/1.1" 200 180
::1 - - [21/Apr/2019:16:51:53 -0400] "GET /phpmyadmin/themes/pmahomme/jquery/images/ui-bg_glass_75_dadada_1x400.png HTTP/1.1" 200 159
::1 - - [21/Apr/2019:16:51:54 -0400] "GET /phpmyadmin/themes/pmahomme/jquery/images/ui-bg_glass_65_ffffff_1x400.png HTTP/1.1" 200 105
::1 - - [21/Apr/2019:16:51:54 -0400] "GET /phpmyadmin/sql.php?db=test&table=employees&sql_query=DELETE+FROM+%60test%60.%60employees%60+WHERE+%60employees%60.%60employee_no%60+%3D+6&message_to_show=The+row+has+been+deleted&goto=sql.php%3Fdb%3Dtest%26table%3Demployees%26sql_query%3DSELECT%2B%252A%2BFROM%2B%2560employees%2560%26message_to_show%3DThe%2Brow%2Bhas%2Bbeen%2Bdeleted%26goto%3Dtbl_sql.php%26token%3De75ff38c7ed0da408ede70a3dc6f4135&token=e75ff38c7ed0da408ede70a3dc6f4135&ajax_request=true&is_js_confirmed=true&_nocache=1555879914662406741 HTTP/1.1" 200 2593
::1 - - [21/Apr/2019:16:51:58 -0400] "GET /phpmyadmin/sql.php?db=test&table=employees&sql_query=DELETE+FROM+%60test%60.%60employees%60+WHERE+%60employees%60.%60employee_no%60+%3D+7&message_to_show=The+row+has+been+deleted&goto=sql.php%3Fdb%3Dtest%26table%3Demployees%26sql_query%3DSELECT%2B%252A%2BFROM%2B%2560employees%2560%26message_to_show%3DThe%2Brow%2Bhas%2Bbeen%2Bdeleted%26goto%3Dtbl_sql.php%26token%3De75ff38c7ed0da408ede70a3dc6f4135&token=e75ff38c7ed0da408ede70a3dc6f4135&ajax_request=true&is_js_confirmed=true&_nocache=1555879918318976184 HTTP/1.1" 200 2593
::1 - - [21/Apr/2019:16:52:01 -0400] "GET /phpmyadmin/sql.php?db=test&table=employees&sql_query=DELETE+FROM+%60test%60.%60employees%60+WHERE+%60employees%60.%60employee_no%60+%3D+8&message_to_show=The+row+has+been+deleted&goto=sql.php%3Fdb%3Dtest%26table%3Demployees%26sql_query%3DSELECT%2B%252A%2BFROM%2B%2560employees%2560%26message_to_show%3DThe%2Brow%2Bhas%2Bbeen%2Bdeleted%26goto%3Dtbl_sql.php%26token%3De75ff38c7ed0da408ede70a3dc6f4135&token=e75ff38c7ed0da408ede70a3dc6f4135&ajax_request=true&is_js_confirmed=true&_nocache=1555879921206292835 HTTP/1.1" 200 2593
::1 - - [21/Apr/2019:16:52:04 -0400] "GET /phpmyadmin/sql.php?db=test&table=employees&sql_query=DELETE+FROM+%60test%60.%60employees%60+WHERE+%60employees%60.%60employee_no%60+%3D+9&message_to_show=The+row+has+been+deleted&goto=sql.php%3Fdb%3Dtest%26table%3Demployees%26sql_query%3DSELECT%2B%252A%2BFROM%2B%2560employees%2560%26message_to_show%3DThe%2Brow%2Bhas%2Bbeen%2Bdeleted%26goto%3Dtbl_sql.php%26token%3De75ff38c7ed0da408ede70a3dc6f4135&token=e75ff38c7ed0da408ede70a3dc6f4135&ajax_request=true&is_js_confirmed=true&_nocache=1555879924199481042 HTTP/1.1" 200 2593
::1 - - [21/Apr/2019:16:52:42 -0400] "GET /phpmyadmin/db_structure.php?server=1&db=test&token=e75ff38c7ed0da408ede70a3dc6f4135&ajax_request=true&ajax_page_request=true&menuHashes=fcbc8126-1e8d96fb-18395c41-e0f1a436-13ab14da-52afb03d-a145bac6&_nocache=155587996270985230 HTTP/1.1" 200 9269
::1 - - [21/Apr/2019:16:59:28 -0400] "GET / HTTP/1.1" 200 188
::1 - - [21/Apr/2019:17:01:11 -0400] "GET / HTTP/1.1" 200 756
::1 - - [21/Apr/2019:17:01:37 -0400] "GET / HTTP/1.1" 200 119
::1 - - [21/Apr/2019:17:04:05 -0400] "GET / HTTP/1.1" 200 432
::1 - - [21/Apr/2019:17:04:18 -0400] "GET /phpmyadmin/ HTTP/1.1" 200 42600
::1 - - [21/Apr/2019:17:04:19 -0400] "GET /phpmyadmin/version_check.php?&_nocache=1555880659413979504 HTTP/1.1" 200 39
::1 - - [21/Apr/2019:17:04:22 -0400] "GET /phpmyadmin/navigation.php?ajax_request=1&token=e75ff38c7ed0da408ede70a3dc6f4135&aPath=cm9vdA%3D%3D.dGVzdA%3D%3D&vPath=cm9vdA%3D%3D.dGVzdA%3D%3D&pos=0&pos2_name=&pos2_value=&searchClause=&searchClause2=&_nocache=1555880662313234891 HTTP/1.1" 200 1322
::1 - - [21/Apr/2019:17:04:25 -0400] "GET /phpmyadmin/sql.php?server=1&db=test&table=employees&pos=0&token=e75ff38c7ed0da408ede70a3dc6f4135&ajax_request=true&ajax_page_request=true&menuHashes=0f134e19&_nocache=1555880665843884818 HTTP/1.1" 200 30977
::1 - - [21/Apr/2019:17:04:26 -0400] "GET /phpmyadmin/js/get_scripts.js.php?scripts[]=tbl_change.js&scripts[]=tbl_structure.js&scripts[]=gis_data_editor.js&scripts[]=makegrid.js&scripts[]=sql.js HTTP/1.1" 200 57302
::1 - - [21/Apr/2019:17:04:26 -0400] "GET /phpmyadmin/index.php?ajax_request=1&recent_table=1&token=e75ff38c7ed0da408ede70a3dc6f4135 HTTP/1.1" 200 210
::1 - - [21/Apr/2019:17:04:34 -0400] "GET /phpmyadmin/querywindow.php?token=e75ff38c7ed0da408ede70a3dc6f4135&server=1&db=test&table=employees&sql_query=SELECT%20*%20FROM%20%60employees%60&init=1 HTTP/1.1" 200 8287
::1 - - [21/Apr/2019:17:04:43 -0400] "GET /phpmyadmin/sql.php?db=test&table=employees&token=e75ff38c7ed0da408ede70a3dc6f4135&ajax_request=true&ajax_page_request=true&menuHashes=0f134e19-e0f1a436&_nocache=1555880683827573585 HTTP/1.1" 200 27956
::1 - - [21/Apr/2019:17:04:44 -0400] "GET /phpmyadmin/index.php?ajax_request=1&recent_table=1&token=e75ff38c7ed0da408ede70a3dc6f4135 HTTP/1.1" 200 210
::1 - - [21/Apr/2019:17:05:10 -0400] "GET /phpmyadmin/tbl_operations.php?db=test&table=employees&token=e75ff38c7ed0da408ede70a3dc6f4135&ajax_request=true&ajax_page_request=true&menuHashes=0f134e19-e0f1a436&_nocache=1555880710123946584 HTTP/1.1" 200 39913
::1 - - [21/Apr/2019:17:05:10 -0400] "GET /phpmyadmin/index.php?ajax_request=1&recent_table=1&token=e75ff38c7ed0da408ede70a3dc6f4135 HTTP/1.1" 200 210
::1 - - [21/Apr/2019:17:05:17 -0400] "POST /phpmyadmin/tbl_operations.php HTTP/1.1" 200 1945
::1 - - [21/Apr/2019:17:05:35 -0400] "GET /phpmyadmin/ HTTP/1.1" 200 42600
::1 - - [21/Apr/2019:17:05:35 -0400] "GET /phpmyadmin/tbl_operations.php?db=test&table=employees&server=1&target=&token=e75ff38c7ed0da408ede70a3dc6f4135 HTTP/1.1" 200 44006
::1 - - [21/Apr/2019:17:05:36 -0400] "GET /phpmyadmin/index.php?ajax_request=1&recent_table=1&token=e75ff38c7ed0da408ede70a3dc6f4135 HTTP/1.1" 200 210
::1 - - [21/Apr/2019:17:05:44 -0400] "POST /phpmyadmin/tbl_operations.php HTTP/1.1" 200 1945
::1 - - [21/Apr/2019:17:05:50 -0400] "GET /phpmyadmin/navigation.php?ajax_request=1&token=e75ff38c7ed0da408ede70a3dc6f4135&aPath=cm9vdA%3D%3D.dGVzdA%3D%3D&vPath=cm9vdA%3D%3D.dGVzdA%3D%3D&pos=0&pos2_name=&pos2_value=&searchClause=&searchClause2=&_nocache=1555880750954759189 HTTP/1.1" 200 1322
::1 - - [21/Apr/2019:17:06:25 -0400] "POST /phpmyadmin/tbl_operations.php HTTP/1.1" 200 1945
::1 - - [21/Apr/2019:17:06:27 -0400] "GET /phpmyadmin/tbl_sql.php?sql_query=%0A++++++++++++RENAME+TABLE+%60test%60.%60employees%60%0A++++++++++++++++++TO+%60test%60.%60Employees%60%3B&show_query=1&db=test&table=employees&token=e75ff38c7ed0da408ede70a3dc6f4135&ajax_request=true&ajax_page_request=true&menuHashes=2c8ca4aa&_nocache=1555880787530398236 HTTP/1.1" 200 8472
::1 - - [21/Apr/2019:17:06:27 -0400] "GET /phpmyadmin/index.php?ajax_request=1&recent_table=1&token=e75ff38c7ed0da408ede70a3dc6f4135 HTTP/1.1" 200 210
::1 - - [21/Apr/2019:17:06:32 -0400] "POST /phpmyadmin/import.php HTTP/1.1" 200 175
::1 - - [21/Apr/2019:17:06:49 -0400] "POST /phpmyadmin/import.php HTTP/1.1" 200 2520
::1 - - [21/Apr/2019:17:06:53 -0400] "GET /phpmyadmin/sql.php?db=test&table=employees&token=e75ff38c7ed0da408ede70a3dc6f4135&pos=0&ajax_request=true&ajax_page_request=true&menuHashes=2c8ca4aa-52afb03d&_nocache=1555880813946643407 HTTP/1.1" 200 179
::1 - - [21/Apr/2019:17:06:59 -0400] "GET /phpmyadmin/querywindow.php?token=e75ff38c7ed0da408ede70a3dc6f4135&server=1&db=test&table=employees&sql_query=%20%20%20%20%20%20%20%20%20%20%20%20RENAME%20TABLE%20%60test%60.%60employees%60%0D%0A%20%20%20%20%20%20%20%20%20%20%20%20%20%20%20%20%20%20TO%20%60test%60.%60EmployeesList%60&init=1 HTTP/1.1" 200 7508
::1 - - [21/Apr/2019:17:07:04 -0400] "GET /phpmyadmin/sql.php?db=test&table=employees&token=e75ff38c7ed0da408ede70a3dc6f4135&pos=0&ajax_request=true&ajax_page_request=true&menuHashes=2c8ca4aa-52afb03d&_nocache=1555880824269779146 HTTP/1.1" 200 179
::1 - - [21/Apr/2019:17:07:06 -0400] "GET /phpmyadmin/querywindow.php?token=e75ff38c7ed0da408ede70a3dc6f4135&server=1&db=test&table=employees&sql_query=%20%20%20%20%20%20%20%20%20%20%20%20RENAME%20TABLE%20%60test%60.%60employees%60%0D%0A%20%20%20%20%20%20%20%20%20%20%20%20%20%20%20%20%20%20TO%20%60test%60.%60EmployeesList%60&init=1 HTTP/1.1" 200 7508
::1 - - [21/Apr/2019:17:07:10 -0400] "POST /phpmyadmin/import.php HTTP/1.1" 200 10542
::1 - - [21/Apr/2019:17:07:10 -0400] "GET /phpmyadmin/js/messages.php?lang=en&db=test&server=0&token=e75ff38c7ed0da408ede70a3dc6f4135 HTTP/1.1" 200 16674
::1 - - [21/Apr/2019:17:07:11 -0400] "GET /phpmyadmin/index.php?ajax_request=1&recent_table=1&token=e75ff38c7ed0da408ede70a3dc6f4135 HTTP/1.1" 200 286
::1 - - [21/Apr/2019:17:07:14 -0400] "GET /phpmyadmin/tbl_select.php?db=test&table=employees&token=e75ff38c7ed0da408ede70a3dc6f4135&ajax_request=true&ajax_page_request=true&menuHashes=2c8ca4aa-52afb03d&_nocache=1555880834828214893 HTTP/1.1" 200 286
::1 - - [21/Apr/2019:17:07:19 -0400] "GET /phpmyadmin/tbl_sql.php?db=test&table=employees&token=e75ff38c7ed0da408ede70a3dc6f4135&ajax_request=true&ajax_page_request=true&menuHashes=2c8ca4aa-52afb03d&_nocache=1555880839632273369 HTTP/1.1" 200 286
::1 - - [21/Apr/2019:17:07:21 -0400] "GET /phpmyadmin/tbl_operations.php?db=test&table=employees&server=1&target=&token=e75ff38c7ed0da408ede70a3dc6f4135 HTTP/1.1" 200 8053
::1 - - [21/Apr/2019:17:07:21 -0400] "GET /phpmyadmin/js/messages.php?lang=en&db=test&token=bffc4716c34a2509ca3df1b6a8e060cc HTTP/1.1" 200 16674
::1 - - [21/Apr/2019:17:07:21 -0400] "GET /phpmyadmin/phpmyadmin.css.php?server=1&token=e9d08ad9d6d71ca7a2268c0a96c9a73b&nocache=4125195912ltr HTTP/1.1" 200 88608
::1 - - [21/Apr/2019:17:07:21 -0400] "GET /phpmyadmin/tbl_sql.php?db=test&table=employees&server=1&target=&token=e75ff38c7ed0da408ede70a3dc6f4135 HTTP/1.1" 200 8046
::1 - - [21/Apr/2019:17:07:22 -0400] "GET /phpmyadmin/js/messages.php?lang=en&db=test&token=e9d08ad9d6d71ca7a2268c0a96c9a73b HTTP/1.1" 200 16674
::1 - - [21/Apr/2019:17:07:22 -0400] "GET /phpmyadmin/phpmyadmin.css.php?server=1&token=73cb8f9e915b2997930ee44cfe6a5c46&nocache=4125195912ltr HTTP/1.1" 200 88608
::1 - - [21/Apr/2019:17:07:23 -0400] "POST /phpmyadmin/index.php HTTP/1.1" 302 -
::1 - - [21/Apr/2019:17:07:23 -0400] "GET /phpmyadmin/index.php?db=test&table=employees&target=tbl_sql.php&token=73cb8f9e915b2997930ee44cfe6a5c46 HTTP/1.1" 200 13348
::1 - - [21/Apr/2019:17:07:24 -0400] "GET /phpmyadmin/js/get_scripts.js.php?scripts[]=jquery/jquery-1.8.3.js&scripts[]=ajax.js&scripts[]=keyhandler.js&scripts[]=jquery/jquery-ui-1.9.2.custom.js&scripts[]=jquery/jquery.sprintf.js&scripts[]=jquery/jquery.cookie.js&scripts[]=jquery/jquery.mousewheel.js&scripts[]=jquery/jquery.event.drag-2.2.js&scripts[]=jquery/jquery-ui-timepicker-addon.js&scripts[]=jquery/jquery.ba-hashchange-1.3.js&scripts[]=jquery/jquery.debounce-1.0.5.js&scripts[]=jquery/jquery.menuResizer-1.0.js&scripts[]=rte.js&scripts[]=functions.js&scripts[]=navigation.js&scripts[]=indexes.js&scripts[]=common.js&scripts[]=makegrid.js&scripts[]=sql.js&scripts[]=codemirror/lib/codemirror.js&scripts[]=codemirror/mode/mysql/mysql.js HTTP/1.1" 200 613661
::1 - - [21/Apr/2019:17:07:24 -0400] "GET /phpmyadmin/js/messages.php?lang=en&db=test&server=0&token=73cb8f9e915b2997930ee44cfe6a5c46 HTTP/1.1" 200 16674
::1 - - [21/Apr/2019:17:07:24 -0400] "GET /phpmyadmin/phpmyadmin.css.php?server=1&token=73cb8f9e915b2997930ee44cfe6a5c46&nocache=5681076756ltr HTTP/1.1" 200 88608
::1 - - [21/Apr/2019:17:07:24 -0400] "GET /phpmyadmin/index.php?ajax_request=1&recent_table=1&token=73cb8f9e915b2997930ee44cfe6a5c46 HTTP/1.1" 200 210
::1 - - [21/Apr/2019:17:07:26 -0400] "GET /phpmyadmin/navigation.php?ajax_request=1&token=73cb8f9e915b2997930ee44cfe6a5c46&aPath=cm9vdA%3D%3D.dGVzdA%3D%3D&vPath=cm9vdA%3D%3D.dGVzdA%3D%3D&pos=0&pos2_name=&pos2_value=&searchClause=&searchClause2=&_nocache=1555880846864491341 HTTP/1.1" 200 1350
::1 - - [21/Apr/2019:17:07:28 -0400] "GET /phpmyadmin/sql.php?server=1&db=test&table=employeeslist&pos=0&token=73cb8f9e915b2997930ee44cfe6a5c46&ajax_request=true&ajax_page_request=true&menuHashes=89b21d8b&_nocache=1555880848641448022 HTTP/1.1" 200 31565
::1 - - [21/Apr/2019:17:07:28 -0400] "GET /phpmyadmin/js/get_scripts.js.php?scripts[]=tbl_change.js&scripts[]=tbl_structure.js&scripts[]=gis_data_editor.js HTTP/1.1" 200 22203
::1 - - [21/Apr/2019:17:07:28 -0400] "GET /phpmyadmin/index.php?ajax_request=1&recent_table=1&token=73cb8f9e915b2997930ee44cfe6a5c46 HTTP/1.1" 200 338
::1 - - [21/Apr/2019:17:07:33 -0400] "GET /phpmyadmin/tbl_operations.php?db=test&table=employeeslist&token=73cb8f9e915b2997930ee44cfe6a5c46&ajax_request=true&ajax_page_request=true&menuHashes=89b21d8b-00687bb8&_nocache=1555880853911265136 HTTP/1.1" 200 40061
::1 - - [21/Apr/2019:17:07:34 -0400] "GET /phpmyadmin/index.php?ajax_request=1&recent_table=1&token=73cb8f9e915b2997930ee44cfe6a5c46 HTTP/1.1" 200 338
::1 - - [21/Apr/2019:17:07:40 -0400] "POST /phpmyadmin/tbl_operations.php HTTP/1.1" 200 37693
::1 - - [21/Apr/2019:17:07:40 -0400] "POST /phpmyadmin/navigation.php?ajax_request=1&token=73cb8f9e915b2997930ee44cfe6a5c46 HTTP/1.1" 200 2044
::1 - - [21/Apr/2019:17:07:40 -0400] "GET /phpmyadmin/tbl_operations.php?token=73cb8f9e915b2997930ee44cfe6a5c46&server=1&db=test&table=Employees&ajax_request=true&ajax_page_request=true&menuHashes=89b21d8b-00687bb8-5658d2ee&_nocache=155588086062688129 HTTP/1.1" 200 38569
::1 - - [21/Apr/2019:17:07:40 -0400] "GET /phpmyadmin/index.php?ajax_request=1&recent_table=1&token=73cb8f9e915b2997930ee44cfe6a5c46 HTTP/1.1" 200 458
::1 - - [21/Apr/2019:17:09:53 -0400] "GET / HTTP/1.1" 200 282
::1 - - [21/Apr/2019:17:10:31 -0400] "GET /phpmyadmin/ HTTP/1.1" 200 42842
::1 - - [21/Apr/2019:17:10:31 -0400] "GET /phpmyadmin/js/messages.php?lang=en&db=&server=0&token=73cb8f9e915b2997930ee44cfe6a5c46 HTTP/1.1" 200 16674
::1 - - [21/Apr/2019:17:10:32 -0400] "GET /phpmyadmin/version_check.php?&_nocache=1555881032296746958 HTTP/1.1" 200 39
::1 - - [21/Apr/2019:17:10:36 -0400] "GET /phpmyadmin/navigation.php?ajax_request=1&token=73cb8f9e915b2997930ee44cfe6a5c46&aPath=cm9vdA%3D%3D.dGVzdA%3D%3D&vPath=cm9vdA%3D%3D.dGVzdA%3D%3D&pos=0&pos2_name=&pos2_value=&searchClause=&searchClause2=&_nocache=1555881036033342083 HTTP/1.1" 200 1322
::1 - - [21/Apr/2019:17:12:10 -0400] "GET /phpmyadmin/sql.php?server=1&db=test&table=employees&pos=0&token=73cb8f9e915b2997930ee44cfe6a5c46&ajax_request=true&ajax_page_request=true&menuHashes=4d12e897&_nocache=1555881130002763249 HTTP/1.1" 200 30977
::1 - - [21/Apr/2019:17:12:10 -0400] "GET /phpmyadmin/index.php?ajax_request=1&recent_table=1&token=73cb8f9e915b2997930ee44cfe6a5c46 HTTP/1.1" 200 458
::1 - - [21/Apr/2019:17:12:36 -0400] "GET / HTTP/1.1" 200 322
::1 - - [21/Apr/2019:17:12:36 -0400] "GET / HTTP/1.1" 200 322
::1 - - [21/Apr/2019:17:12:57 -0400] "GET / HTTP/1.1" 200 327
::1 - - [21/Apr/2019:17:12:59 -0400] "GET / HTTP/1.1" 200 327
::1 - - [21/Apr/2019:17:58:07 -0400] "GET / HTTP/1.1" 200 374
::1 - - [21/Apr/2019:17:58:23 -0400] "GET / HTTP/1.1" 200 555
::1 - - [21/Apr/2019:18:00:51 -0400] "GET / HTTP/1.1" 200 180
::1 - - [21/Apr/2019:18:03:03 -0400] "GET / HTTP/1.1" 200 188
::1 - - [21/Apr/2019:18:03:03 -0400] "GET / HTTP/1.1" 200 188
::1 - - [21/Apr/2019:18:03:54 -0400] "GET / HTTP/1.1" 200 555
::1 - - [21/Apr/2019:18:09:30 -0400] "GET / HTTP/1.1" 200 553
::1 - - [21/Apr/2019:18:13:15 -0400] "GET / HTTP/1.1" 200 818
::1 - - [21/Apr/2019:18:14:25 -0400] "GET / HTTP/1.1" 200 819
::1 - - [21/Apr/2019:18:16:06 -0400] "GET / HTTP/1.1" 200 876
::1 - - [21/Apr/2019:18:16:24 -0400] "GET / HTTP/1.1" 200 888
::1 - - [21/Apr/2019:18:16:42 -0400] "GET / HTTP/1.1" 200 888
::1 - - [21/Apr/2019:18:16:53 -0400] "GET / HTTP/1.1" 200 888
::1 - - [21/Apr/2019:18:17:04 -0400] "GET / HTTP/1.1" 200 889
::1 - - [21/Apr/2019:18:17:19 -0400] "GET / HTTP/1.1" 200 898
::1 - - [21/Apr/2019:18:17:25 -0400] "GET / HTTP/1.1" 200 889
::1 - - [21/Apr/2019:18:26:09 -0400] "GET / HTTP/1.1" 200 1119
::1 - - [21/Apr/2019:18:26:28 -0400] "GET / HTTP/1.1" 200 906
::1 - - [21/Apr/2019:18:27:28 -0400] "GET / HTTP/1.1" 200 900
::1 - - [21/Apr/2019:18:27:40 -0400] "GET / HTTP/1.1" 200 904
::1 - - [21/Apr/2019:18:27:44 -0400] "GET /salary_range.php?lBound=e.g.+40000&uBound=e.g.+85000 HTTP/1.1" 200 436
::1 - - [21/Apr/2019:18:28:36 -0400] "GET / HTTP/1.1" 200 904
::1 - - [21/Apr/2019:18:28:47 -0400] "GET /salary_range.php?lBound=e.g.+40000&uBound=e.g.+85000 HTTP/1.1" 200 245
::1 - - [21/Apr/2019:18:29:32 -0400] "GET / HTTP/1.1" 200 659
::1 - - [21/Apr/2019:18:29:35 -0400] "GET /salary_range.php?lBound=e.g.+40000&uBound=e.g.+85000 HTTP/1.1" 200 245
::1 - - [21/Apr/2019:18:30:54 -0400] "GET / HTTP/1.1" 200 659
::1 - - [21/Apr/2019:18:30:57 -0400] "GET /salary_range.php?lBound=e.g.+40000&uBound=e.g.+85000 HTTP/1.1" 200 275
::1 - - [21/Apr/2019:18:33:28 -0400] "GET /salary_range.php?lBound=e.g.+40000&uBound=e.g.+85000 HTTP/1.1" 200 275
::1 - - [21/Apr/2019:18:36:21 -0400] "GET /salary_range.php?lBound=e.g.+40000&uBound=e.g.+85000 HTTP/1.1" 200 601
::1 - - [21/Apr/2019:18:36:25 -0400] "GET /salary_range.php?lBound=e.g.+40000&uBound=e.g.+85000 HTTP/1.1" 200 601
::1 - - [21/Apr/2019:18:38:21 -0400] "GET /salary_range.php?lBound=e.g.+40000&uBound=e.g.+85000 HTTP/1.1" 200 601
::1 - - [21/Apr/2019:18:38:21 -0400] "GET /salary_range.php?lBound=e.g.+40000&uBound=e.g.+85000 HTTP/1.1" 200 601
::1 - - [21/Apr/2019:18:38:25 -0400] "GET /salary_range.php?lBound=e.g.+40000&uBound=e.g.+85000 HTTP/1.1" 200 601
::1 - - [21/Apr/2019:18:38:46 -0400] "GET /salary_range.php?lBound=e.g.+40000&uBound=e.g.+85000 HTTP/1.1" 200 263
::1 - - [21/Apr/2019:18:38:50 -0400] "GET /salary_range.php?lBound=e.g.+40000&uBound=e.g.+85000 HTTP/1.1" 200 263
::1 - - [21/Apr/2019:18:39:34 -0400] "GET /salary_range.php?lBound=e.g.+40000&uBound=e.g.+85000 HTTP/1.1" 200 217
::1 - - [21/Apr/2019:18:39:44 -0400] "GET /salary_range.php?lBound=e.g.+40000&uBound=e.g.+85000 HTTP/1.1" 200 273
::1 - - [21/Apr/2019:18:40:02 -0400] "GET /salary_range.php?lBound=40000&uBound=85000 HTTP/1.1" 200 258
::1 - - [21/Apr/2019:18:40:35 -0400] "GET /salary_range.php?lBound=40000&uBound=85000 HTTP/1.1" 200 263
::1 - - [21/Apr/2019:18:40:57 -0400] "GET /salary_range.php?lBound=40000&uBound=85000 HTTP/1.1" 200 263
::1 - - [21/Apr/2019:18:43:30 -0400] "GET /phpmyadmin/sql.php?db=test&table=employees&token=73cb8f9e915b2997930ee44cfe6a5c46&pos=0&ajax_request=true&ajax_page_request=true&menuHashes=4d12e897-ffd1fcdc&_nocache=1555886610383914473 HTTP/1.1" 200 292
::1 - - [21/Apr/2019:18:43:33 -0400] "GET /phpmyadmin/ HTTP/1.1" 200 8091
::1 - - [21/Apr/2019:18:43:33 -0400] "GET /phpmyadmin/js/get_scripts.js.php?scripts[]=jquery/jquery-1.8.3.js&scripts[]=ajax.js&scripts[]=keyhandler.js&scripts[]=jquery/jquery-ui-1.9.2.custom.js&scripts[]=jquery/jquery.sprintf.js&scripts[]=jquery/jquery.cookie.js&scripts[]=jquery/jquery.mousewheel.js&scripts[]=jquery/jquery.event.drag-2.2.js&scripts[]=jquery/jquery-ui-timepicker-addon.js&scripts[]=jquery/jquery.ba-hashchange-1.3.js&scripts[]=jquery/jquery.debounce-1.0.5.js&scripts[]=jquery/jquery.menuResizer-1.0.js&scripts[]=rte.js&scripts[]=functions.js&scripts[]=navigation.js&scripts[]=indexes.js&scripts[]=common.js&scripts[]=codemirror/lib/codemirror.js&scripts[]=codemirror/mode/mysql/mysql.js HTTP/1.1" 200 578562
::1 - - [21/Apr/2019:18:43:33 -0400] "GET /phpmyadmin/sql.php?db=test&table=employees&server=1&target=&token=73cb8f9e915b2997930ee44cfe6a5c46 HTTP/1.1" 200 8188
::1 - - [21/Apr/2019:18:43:33 -0400] "GET /phpmyadmin/js/messages.php?lang=en&db=test&token=73cb8f9e915b2997930ee44cfe6a5c46 HTTP/1.1" 200 16674
::1 - - [21/Apr/2019:18:43:35 -0400] "POST /phpmyadmin/index.php HTTP/1.1" 302 -
::1 - - [21/Apr/2019:18:43:35 -0400] "GET /phpmyadmin/index.php?db=test&table=employees&target=sql.php&token=73cb8f9e915b2997930ee44cfe6a5c46 HTTP/1.1" 200 36795
::1 - - [21/Apr/2019:18:43:36 -0400] "GET /phpmyadmin/js/get_scripts.js.php?scripts[]=jquery/jquery-1.8.3.js&scripts[]=ajax.js&scripts[]=keyhandler.js&scripts[]=jquery/jquery-ui-1.9.2.custom.js&scripts[]=jquery/jquery.sprintf.js&scripts[]=jquery/jquery.cookie.js&scripts[]=jquery/jquery.mousewheel.js&scripts[]=jquery/jquery.event.drag-2.2.js&scripts[]=jquery/jquery-ui-timepicker-addon.js&scripts[]=jquery/jquery.ba-hashchange-1.3.js&scripts[]=jquery/jquery.debounce-1.0.5.js&scripts[]=jquery/jquery.menuResizer-1.0.js&scripts[]=rte.js&scripts[]=functions.js&scripts[]=navigation.js&scripts[]=indexes.js&scripts[]=common.js&scripts[]=tbl_change.js&scripts[]=tbl_structure.js&scripts[]=gis_data_editor.js&scripts[]=makegrid.js&scripts[]=sql.js&scripts[]=codemirror/lib/codemirror.js&scripts[]=codemirror/mode/mysql/mysql.js HTTP/1.1" 200 635864
::1 - - [21/Apr/2019:18:43:36 -0400] "GET /phpmyadmin/index.php?ajax_request=1&recent_table=1&token=73cb8f9e915b2997930ee44cfe6a5c46 HTTP/1.1" 200 458
::1 - - [21/Apr/2019:18:43:41 -0400] "GET /phpmyadmin/navigation.php?ajax_request=1&token=73cb8f9e915b2997930ee44cfe6a5c46&aPath=cm9vdA%3D%3D.dGVzdA%3D%3D&vPath=cm9vdA%3D%3D.dGVzdA%3D%3D&pos=0&pos2_name=&pos2_value=&searchClause=&searchClause2=&_nocache=1555886621954527446 HTTP/1.1" 200 1322
::1 - - [21/Apr/2019:18:43:43 -0400] "GET /phpmyadmin/sql.php?server=1&db=test&table=employees&pos=0&token=73cb8f9e915b2997930ee44cfe6a5c46&ajax_request=true&ajax_page_request=true&menuHashes=89b21d8b&_nocache=1555886623315517945 HTTP/1.1" 200 30977
::1 - - [21/Apr/2019:18:43:43 -0400] "GET /phpmyadmin/index.php?ajax_request=1&recent_table=1&token=73cb8f9e915b2997930ee44cfe6a5c46 HTTP/1.1" 200 458
::1 - - [21/Apr/2019:18:43:52 -0400] "GET /phpmyadmin/tbl_sql.php?db=test&table=employees&token=73cb8f9e915b2997930ee44cfe6a5c46&ajax_request=true&ajax_page_request=true&menuHashes=89b21d8b-ffd1fcdc&_nocache=1555886632891492137 HTTP/1.1" 200 8242
::1 - - [21/Apr/2019:18:43:53 -0400] "GET /phpmyadmin/index.php?ajax_request=1&recent_table=1&token=73cb8f9e915b2997930ee44cfe6a5c46 HTTP/1.1" 200 458
::1 - - [21/Apr/2019:18:44:24 -0400] "GET /phpmyadmin/sql.php?db=test&table=employees&token=73cb8f9e915b2997930ee44cfe6a5c46&pos=0&ajax_request=true&ajax_page_request=true&menuHashes=89b21d8b-ffd1fcdc-af3004b4&_nocache=1555886664710364400 HTTP/1.1" 200 27956
::1 - - [21/Apr/2019:18:44:24 -0400] "GET /phpmyadmin/index.php?ajax_request=1&recent_table=1&token=73cb8f9e915b2997930ee44cfe6a5c46 HTTP/1.1" 200 458
::1 - - [21/Apr/2019:18:44:31 -0400] "GET /phpmyadmin/sql.php?server=1&db=test&table=employees&pos=0&token=73cb8f9e915b2997930ee44cfe6a5c46&ajax_request=true&ajax_page_request=true&menuHashes=89b21d8b-ffd1fcdc-af3004b4&_nocache=1555886671403439353 HTTP/1.1" 200 27958
::1 - - [21/Apr/2019:18:44:31 -0400] "GET /phpmyadmin/index.php?ajax_request=1&recent_table=1&token=73cb8f9e915b2997930ee44cfe6a5c46 HTTP/1.1" 200 458
::1 - - [21/Apr/2019:18:44:48 -0400] "GET /phpmyadmin/tbl_change.php?db=test&table=employees&token=73cb8f9e915b2997930ee44cfe6a5c46&ajax_request=true&ajax_page_request=true&menuHashes=89b21d8b-ffd1fcdc-af3004b4&_nocache=1555886688918887720 HTTP/1.1" 200 30591
::1 - - [21/Apr/2019:18:44:49 -0400] "GET /phpmyadmin/index.php?ajax_request=1&recent_table=1&token=73cb8f9e915b2997930ee44cfe6a5c46 HTTP/1.1" 200 458
::1 - - [21/Apr/2019:18:45:20 -0400] "POST /phpmyadmin/tbl_replace.php HTTP/1.1" 200 8966
::1 - - [21/Apr/2019:18:45:20 -0400] "GET /phpmyadmin/index.php?ajax_request=1&recent_table=1&token=73cb8f9e915b2997930ee44cfe6a5c46 HTTP/1.1" 200 458
::1 - - [21/Apr/2019:18:45:26 -0400] "GET /phpmyadmin/sql.php?db=test&table=employees&token=73cb8f9e915b2997930ee44cfe6a5c46&pos=0&ajax_request=true&ajax_page_request=true&menuHashes=89b21d8b-ffd1fcdc-af3004b4-d8187512&_nocache=1555886726938439138 HTTP/1.1" 200 30405
::1 - - [21/Apr/2019:18:45:27 -0400] "GET /phpmyadmin/index.php?ajax_request=1&recent_table=1&token=73cb8f9e915b2997930ee44cfe6a5c46 HTTP/1.1" 200 458
::1 - - [21/Apr/2019:18:45:33 -0400] "GET /phpmyadmin/tbl_change.php?db=test&table=employees&where_clause=%60employees%60.%60employee_no%60+%3D+1&clause_is_unique=1&sql_query=SELECT+%2A+FROM+%60employees%60&goto=sql.php&default_action=update&token=73cb8f9e915b2997930ee44cfe6a5c46&ajax_request=true&ajax_page_request=true&menuHashes=89b21d8b-ffd1fcdc-af3004b4-d8187512&_nocache=1555886733705891225 HTTP/1.1" 200 16117
::1 - - [21/Apr/2019:18:45:33 -0400] "GET /phpmyadmin/index.php?ajax_request=1&recent_table=1&token=73cb8f9e915b2997930ee44cfe6a5c46 HTTP/1.1" 200 458
::1 - - [21/Apr/2019:18:45:39 -0400] "POST /phpmyadmin/tbl_replace.php HTTP/1.1" 200 33544
::1 - - [21/Apr/2019:18:45:40 -0400] "GET /phpmyadmin/index.php?ajax_request=1&recent_table=1&token=73cb8f9e915b2997930ee44cfe6a5c46 HTTP/1.1" 200 458
::1 - - [21/Apr/2019:18:45:44 -0400] "GET /phpmyadmin/tbl_change.php?db=test&table=employees&where_clause=%60employees%60.%60employee_no%60+%3D+3&clause_is_unique=1&sql_query=SELECT+%2A+FROM+%60employees%60&goto=sql.php&default_action=update&token=73cb8f9e915b2997930ee44cfe6a5c46&ajax_request=true&ajax_page_request=true&menuHashes=89b21d8b-ffd1fcdc-af3004b4-d8187512&_nocache=1555886744609211898 HTTP/1.1" 200 16121
::1 - - [21/Apr/2019:18:45:44 -0400] "GET /phpmyadmin/index.php?ajax_request=1&recent_table=1&token=73cb8f9e915b2997930ee44cfe6a5c46 HTTP/1.1" 200 458
::1 - - [21/Apr/2019:18:45:50 -0400] "POST /phpmyadmin/tbl_replace.php HTTP/1.1" 200 33544
::1 - - [21/Apr/2019:18:45:50 -0400] "GET /phpmyadmin/index.php?ajax_request=1&recent_table=1&token=73cb8f9e915b2997930ee44cfe6a5c46 HTTP/1.1" 200 458
::1 - - [21/Apr/2019:18:45:57 -0400] "GET /phpmyadmin/tbl_change.php?db=test&table=employees&where_clause=%60employees%60.%60employee_no%60+%3D+4&clause_is_unique=1&sql_query=SELECT+%2A+FROM+%60employees%60&goto=sql.php&default_action=update&token=73cb8f9e915b2997930ee44cfe6a5c46&ajax_request=true&ajax_page_request=true&menuHashes=89b21d8b-ffd1fcdc-af3004b4-d8187512&_nocache=15558867578307497 HTTP/1.1" 200 16113
::1 - - [21/Apr/2019:18:45:58 -0400] "GET /phpmyadmin/index.php?ajax_request=1&recent_table=1&token=73cb8f9e915b2997930ee44cfe6a5c46 HTTP/1.1" 200 458
::1 - - [21/Apr/2019:18:46:05 -0400] "GET /phpmyadmin/sql.php?db=test&table=employees&token=73cb8f9e915b2997930ee44cfe6a5c46&pos=0&ajax_request=true&ajax_page_request=true&menuHashes=89b21d8b-ffd1fcdc-af3004b4-d8187512&_nocache=1555886765137618251 HTTP/1.1" 200 30405
::1 - - [21/Apr/2019:18:46:05 -0400] "GET /phpmyadmin/index.php?ajax_request=1&recent_table=1&token=73cb8f9e915b2997930ee44cfe6a5c46 HTTP/1.1" 200 458
::1 - - [21/Apr/2019:18:46:08 -0400] "GET /phpmyadmin/tbl_change.php?db=test&table=employees&where_clause=%60employees%60.%60employee_no%60+%3D+3&clause_is_unique=1&sql_query=SELECT+%2A+FROM+%60employees%60&goto=sql.php&default_action=update&token=73cb8f9e915b2997930ee44cfe6a5c46&ajax_request=true&ajax_page_request=true&menuHashes=89b21d8b-ffd1fcdc-af3004b4-d8187512&_nocache=1555886768202680707 HTTP/1.1" 200 16121
::1 - - [21/Apr/2019:18:46:08 -0400] "GET /phpmyadmin/index.php?ajax_request=1&recent_table=1&token=73cb8f9e915b2997930ee44cfe6a5c46 HTTP/1.1" 200 458
::1 - - [21/Apr/2019:18:46:13 -0400] "POST /phpmyadmin/tbl_replace.php HTTP/1.1" 200 33544
::1 - - [21/Apr/2019:18:46:13 -0400] "GET /phpmyadmin/index.php?ajax_request=1&recent_table=1&token=73cb8f9e915b2997930ee44cfe6a5c46 HTTP/1.1" 200 458
::1 - - [21/Apr/2019:18:46:18 -0400] "GET /phpmyadmin/tbl_change.php?db=test&table=employees&where_clause=%60employees%60.%60employee_no%60+%3D+1&clause_is_unique=1&sql_query=SELECT+%2A+FROM+%60employees%60&goto=sql.php&default_action=update&token=73cb8f9e915b2997930ee44cfe6a5c46&ajax_request=true&ajax_page_request=true&menuHashes=89b21d8b-ffd1fcdc-af3004b4-d8187512&_nocache=1555886778124811683 HTTP/1.1" 200 16117
::1 - - [21/Apr/2019:18:46:18 -0400] "GET /phpmyadmin/index.php?ajax_request=1&recent_table=1&token=73cb8f9e915b2997930ee44cfe6a5c46 HTTP/1.1" 200 458
::1 - - [21/Apr/2019:18:46:22 -0400] "POST /phpmyadmin/tbl_replace.php HTTP/1.1" 200 33544
::1 - - [21/Apr/2019:18:46:22 -0400] "GET /phpmyadmin/index.php?ajax_request=1&recent_table=1&token=73cb8f9e915b2997930ee44cfe6a5c46 HTTP/1.1" 200 458
::1 - - [21/Apr/2019:18:46:24 -0400] "GET /phpmyadmin/tbl_change.php?db=test&table=employees&where_clause=%60employees%60.%60employee_no%60+%3D+3&clause_is_unique=1&sql_query=SELECT+%2A+FROM+%60employees%60&goto=sql.php&default_action=update&token=73cb8f9e915b2997930ee44cfe6a5c46&ajax_request=true&ajax_page_request=true&menuHashes=89b21d8b-ffd1fcdc-af3004b4-d8187512&_nocache=155588678484130858 HTTP/1.1" 200 16121
::1 - - [21/Apr/2019:18:46:24 -0400] "GET /phpmyadmin/index.php?ajax_request=1&recent_table=1&token=73cb8f9e915b2997930ee44cfe6a5c46 HTTP/1.1" 200 458
::1 - - [21/Apr/2019:18:46:32 -0400] "POST /phpmyadmin/tbl_replace.php HTTP/1.1" 200 33544
::1 - - [21/Apr/2019:18:46:32 -0400] "GET /phpmyadmin/index.php?ajax_request=1&recent_table=1&token=73cb8f9e915b2997930ee44cfe6a5c46 HTTP/1.1" 200 458
::1 - - [21/Apr/2019:18:46:39 -0400] "GET /phpmyadmin/tbl_sql.php?db=test&table=employees&token=73cb8f9e915b2997930ee44cfe6a5c46&ajax_request=true&ajax_page_request=true&menuHashes=89b21d8b-ffd1fcdc-af3004b4-d8187512&_nocache=1555886799194449023 HTTP/1.1" 200 5223
::1 - - [21/Apr/2019:18:46:39 -0400] "GET /phpmyadmin/index.php?ajax_request=1&recent_table=1&token=73cb8f9e915b2997930ee44cfe6a5c46 HTTP/1.1" 200 458
::1 - - [21/Apr/2019:18:48:09 -0400] "POST /phpmyadmin/import.php HTTP/1.1" 200 4480
::1 - - [21/Apr/2019:18:48:12 -0400] "GET /phpmyadmin/sql.php?db=test&table=employees&token=73cb8f9e915b2997930ee44cfe6a5c46&pos=0&ajax_request=true&ajax_page_request=true&menuHashes=89b21d8b-ffd1fcdc-af3004b4-d8187512&_nocache=1555886892364826084 HTTP/1.1" 200 37755
::1 - - [21/Apr/2019:18:48:12 -0400] "GET /phpmyadmin/index.php?ajax_request=1&recent_table=1&token=73cb8f9e915b2997930ee44cfe6a5c46 HTTP/1.1" 200 458
::1 - - [21/Apr/2019:18:49:04 -0400] "GET /salary_range.php?lBound=40000&uBound=85000 HTTP/1.1" 200 414
::1 - - [21/Apr/2019:18:50:48 -0400] "GET /salary_range.php?lBound=40000&uBound=85000 HTTP/1.1" 200 480
::1 - - [21/Apr/2019:18:50:51 -0400] "GET /index.php HTTP/1.1" 200 859
::1 - - [21/Apr/2019:18:51:10 -0400] "GET /salary_range.php?lBound=40000&uBound=85000 HTTP/1.1" 200 497
::1 - - [21/Apr/2019:18:51:14 -0400] "GET /index.php HTTP/1.1" 200 859
::1 - - [21/Apr/2019:18:52:03 -0400] "GET /salary_range.php?lBound=40000&uBound=85000 HTTP/1.1" 200 497
::1 - - [21/Apr/2019:18:52:16 -0400] "GET /salary_range.php?lBound=50000&uBound=85000 HTTP/1.1" 200 399
::1 - - [21/Apr/2019:18:52:24 -0400] "GET /salary_range.php?lBound=50000&uBound=85000 HTTP/1.1" 200 399
::1 - - [21/Apr/2019:18:52:57 -0400] "GET /phpmyadmin/tbl_change.php?db=test&table=employees&token=73cb8f9e915b2997930ee44cfe6a5c46&ajax_request=true&ajax_page_request=true&menuHashes=89b21d8b-ffd1fcdc-af3004b4-d8187512&_nocache=1555887177424373863 HTTP/1.1" 200 27572
::1 - - [21/Apr/2019:18:52:57 -0400] "GET /phpmyadmin/index.php?ajax_request=1&recent_table=1&token=73cb8f9e915b2997930ee44cfe6a5c46 HTTP/1.1" 200 458
::1 - - [21/Apr/2019:18:53:10 -0400] "POST /phpmyadmin/tbl_replace.php HTTP/1.1" 200 8942
::1 - - [21/Apr/2019:18:53:10 -0400] "GET /phpmyadmin/index.php?ajax_request=1&recent_table=1&token=73cb8f9e915b2997930ee44cfe6a5c46 HTTP/1.1" 200 458
::1 - - [21/Apr/2019:18:53:22 -0400] "GET /phpmyadmin/tbl_sql.php?db=test&table=employees&token=73cb8f9e915b2997930ee44cfe6a5c46&ajax_request=true&ajax_page_request=true&menuHashes=89b21d8b-ffd1fcdc-af3004b4-d8187512&_nocache=1555887202662675796 HTTP/1.1" 200 5223
::1 - - [21/Apr/2019:18:53:22 -0400] "GET /phpmyadmin/index.php?ajax_request=1&recent_table=1&token=73cb8f9e915b2997930ee44cfe6a5c46 HTTP/1.1" 200 458
::1 - - [21/Apr/2019:19:04:34 -0400] "POST /phpmyadmin/import.php HTTP/1.1" 200 6522
::1 - - [21/Apr/2019:19:04:36 -0400] "GET /phpmyadmin/sql.php?server=1&db=test&table=employees&pos=0&token=73cb8f9e915b2997930ee44cfe6a5c46&ajax_request=true&ajax_page_request=true&menuHashes=89b21d8b-ffd1fcdc-af3004b4-d8187512&_nocache=1555887876582920003 HTTP/1.1" 200 64717
::1 - - [21/Apr/2019:19:04:36 -0400] "GET /phpmyadmin/index.php?ajax_request=1&recent_table=1&token=73cb8f9e915b2997930ee44cfe6a5c46 HTTP/1.1" 200 458
::1 - - [21/Apr/2019:19:07:44 -0400] "GET /index.php HTTP/1.1" 200 553
::1 - - [21/Apr/2019:19:08:22 -0400] "GET /index.php HTTP/1.1" 200 557
::1 - - [21/Apr/2019:19:08:35 -0400] "GET /index.php HTTP/1.1" 200 548
::1 - - [21/Apr/2019:19:08:48 -0400] "GET /index.php HTTP/1.1" 200 552
::1 - - [21/Apr/2019:19:08:57 -0400] "GET /display_all.php HTTP/1.1" 200 1038
::1 - - [21/Apr/2019:19:09:00 -0400] "GET /index.php HTTP/1.1" 200 552
::1 - - [21/Apr/2019:19:09:37 -0400] "GET /index.php HTTP/1.1" 200 552
::1 - - [21/Apr/2019:19:09:39 -0400] "GET /display_all.php HTTP/1.1" 200 1096
::1 - - [21/Apr/2019:19:10:31 -0400] "GET /index.php HTTP/1.1" 200 564
::1 - - [21/Apr/2019:19:10:59 -0400] "GET /index.php HTTP/1.1" 200 552
::1 - - [21/Apr/2019:19:11:09 -0400] "GET /index.php HTTP/1.1" 200 552
::1 - - [21/Apr/2019:19:11:16 -0400] "GET /index.php HTTP/1.1" 200 552
::1 - - [21/Apr/2019:19:11:46 -0400] "GET /index.php HTTP/1.1" 200 560
::1 - - [21/Apr/2019:19:12:11 -0400] "GET /index.php HTTP/1.1" 200 562
::1 - - [21/Apr/2019:19:12:20 -0400] "GET /index.php HTTP/1.1" 200 552
::1 - - [21/Apr/2019:19:12:53 -0400] "GET /index.php HTTP/1.1" 200 554
::1 - - [21/Apr/2019:19:13:03 -0400] "GET /display_all.php HTTP/1.1" 200 1096
::1 - - [21/Apr/2019:19:13:06 -0400] "GET /index.php HTTP/1.1" 200 554
::1 - - [21/Apr/2019:19:13:07 -0400] "GET /salary_range.php?lBound=55000&uBound=85000 HTTP/1.1" 200 500
::1 - - [21/Apr/2019:19:13:10 -0400] "GET /index.php HTTP/1.1" 200 554
::1 - - [21/Apr/2019:19:13:12 -0400] "GET /salary_range.php?lBound=55000&uBound=85000 HTTP/1.1" 200 500
::1 - - [21/Apr/2019:19:13:15 -0400] "GET /index.php HTTP/1.1" 200 554
::1 - - [21/Apr/2019:19:14:15 -0400] "GET / HTTP/1.1" 200 527
::1 - - [21/Apr/2019:19:14:30 -0400] "GET / HTTP/1.1" 200 521
